============================= test session starts =============================
platform win32 -- Python 3.13.7, pytest-7.4.4, pluggy-1.6.0 -- C:\Users\Mina Hanna\AppData\Local\Programs\Python\Python313\python.exe
cachedir: .pytest_cache
rootdir: E:\Python\CLI_Projects\Claude+Gemini_Flash\version1
configfile: pyproject.toml
testpaths: ../tests/version1
plugins: anyio-4.11.0, langsmith-0.4.34, cov-4.1.0, mock-3.15.1
collecting ... collected 59 items

integration/test_capsules_cmd.py::test_list_capsules_table PASSED        [  1%]
integration/test_capsules_cmd.py::test_list_capsules_json PASSED         [  3%]
integration/test_capsules_cmd.py::test_capsule_info PASSED               [  5%]
integration/test_capsules_cmd.py::test_capsule_info_not_found PASSED     [  6%]
integration/test_capsules_cmd.py::test_capsule_info_json PASSED          [  8%]
integration/test_company_cmd.py::test_company_info_table PASSED          [ 10%]
integration/test_company_cmd.py::test_company_info_json PASSED           [ 11%]
integration/test_company_cmd.py::test_company_info_json_pretty PASSED    [ 13%]
integration/test_export_cmd.py::test_export_launches_json PASSED         [ 15%]
integration/test_export_cmd.py::test_export_launches_csv PASSED          [ 16%]
integration/test_export_cmd.py::test_export_launches_markdown PASSED     [ 18%]
integration/test_export_cmd.py::test_export_launches_invalid_format PASSED [ 20%]
integration/test_launches_cmd.py::test_list_launches_table PASSED        [ 22%]
integration/test_launches_cmd.py::test_list_launches_json PASSED         [ 23%]
integration/test_launches_cmd.py::test_list_launches_json_pretty PASSED  [ 25%]
integration/test_launches_cmd.py::test_list_launches_upcoming PASSED     [ 27%]
integration/test_launches_cmd.py::test_list_launches_past PASSED         [ 28%]
integration/test_launches_cmd.py::test_launch_info PASSED                [ 30%]
integration/test_launches_cmd.py::test_launch_info_not_found PASSED      [ 32%]
integration/test_launches_cmd.py::test_launch_info_json PASSED           [ 33%]
integration/test_rockets_cmd.py::test_list_rockets_table PASSED          [ 35%]
integration/test_rockets_cmd.py::test_list_rockets_json PASSED           [ 37%]
integration/test_rockets_cmd.py::test_rocket_info PASSED                 [ 38%]
integration/test_rockets_cmd.py::test_rocket_info_not_found PASSED       [ 40%]
integration/test_rockets_cmd.py::test_rocket_info_json PASSED            [ 42%]
unit/test_cli_commands.py::test_help_command PASSED                      [ 44%]
unit/test_cli_commands.py::test_launches_help PASSED                     [ 45%]
unit/test_cli_commands.py::test_rockets_help PASSED                      [ 47%]
unit/test_cli_commands.py::test_capsules_help PASSED                     [ 49%]
unit/test_cli_commands.py::test_company_help PASSED                      [ 50%]
unit/test_cli_commands.py::test_export_help PASSED                       [ 52%]
unit/test_formatters.py::TestJsonFormatter::test_compact_json PASSED     [ 54%]
unit/test_formatters.py::TestJsonFormatter::test_pretty_json PASSED      [ 55%]
unit/test_formatters.py::TestJsonFormatter::test_json_with_datetime PASSED [ 57%]
unit/test_formatters.py::TestJsonFormatter::test_json_list PASSED        [ 59%]
unit/test_formatters.py::TestCsvFormatter::test_csv_basic PASSED         [ 61%]
unit/test_formatters.py::TestCsvFormatter::test_csv_empty PASSED         [ 62%]
unit/test_formatters.py::TestTableFormatters::test_launches_table_columns PASSED [ 64%]
unit/test_formatters.py::TestTableFormatters::test_rockets_table_columns PASSED [ 66%]
unit/test_formatters.py::TestTableFormatters::test_capsules_table_columns PASSED [ 67%]
unit/test_formatters.py::TestPanelFormatters::test_launch_panel PASSED   [ 69%]
unit/test_formatters.py::TestPanelFormatters::test_rocket_panel PASSED   [ 71%]
unit/test_formatters.py::TestPanelFormatters::test_capsule_panel PASSED  [ 72%]
unit/test_formatters.py::TestPanelFormatters::test_company_panel PASSED  [ 74%]
unit/test_launch_service.py::TestParseLaunch::test_parse_basic_launch PASSED [ 76%]
unit/test_launch_service.py::TestParseLaunch::test_parse_launch_links PASSED [ 77%]
unit/test_launch_service.py::TestParseLaunch::test_parse_launch_missing_links PASSED [ 79%]
unit/test_launch_service.py::TestParseLaunch::test_parse_launch_details PASSED [ 81%]
unit/test_launch_service.py::TestParseLaunch::test_parse_launch_details_no_mission PASSED [ 83%]
unit/test_models.py::TestLaunchModel::test_create_launch PASSED          [ 84%]
unit/test_models.py::TestLaunchModel::test_launch_frozen PASSED          [ 86%]
unit/test_models.py::TestLaunchModel::test_launch_details_creation PASSED [ 88%]
unit/test_models.py::TestRocketModel::test_create_rocket PASSED          [ 89%]
unit/test_models.py::TestRocketModel::test_rocket_frozen PASSED          [ 91%]
unit/test_models.py::TestCapsuleModel::test_create_capsule PASSED        [ 93%]
unit/test_models.py::TestCompanyModel::test_create_company_info PASSED   [ 94%]
unit/test_pagination.py::test_paginate_yields_all_items PASSED           [ 96%]
unit/test_pagination.py::test_paginate_empty_response PASSED             [ 98%]
unit/test_pagination.py::test_paginate_single_item PASSED                [100%]

---------- coverage: platform win32, python 3.13.7-final-0 -----------
Name                                         Stmts   Miss  Cover   Missing
--------------------------------------------------------------------------
src\spacex_cli\__init__.py                       1      0   100%
src\spacex_cli\__main__.py                       3      3     0%   1-4
src\spacex_cli\api\__init__.py                   0      0   100%
src\spacex_cli\api\client.py                    51     16    69%   23-24, 29-35, 45, 54-59
src\spacex_cli\api\endpoints.py                 10      0   100%
src\spacex_cli\api\pagination.py                 5      0   100%
src\spacex_cli\cli\__init__.py                  28      2    93%   54-55
src\spacex_cli\cli\capsules.py                  34      3    91%   25-27
src\spacex_cli\cli\company.py                   22      3    86%   22-24
src\spacex_cli\cli\export.py                    29      3    90%   26-28
src\spacex_cli\cli\launches.py                  46     11    76%   30-32, 64-72
src\spacex_cli\cli\rockets.py                   34      3    91%   25-27
src\spacex_cli\config\__init__.py                0      0   100%
src\spacex_cli\config\settings.py                7      0   100%
src\spacex_cli\formatters\__init__.py            0      0   100%
src\spacex_cli\formatters\csv_fmt.py            10      0   100%
src\spacex_cli\formatters\json_fmt.py            6      0   100%
src\spacex_cli\formatters\panel_fmt.py          25      0   100%
src\spacex_cli\formatters\table_fmt.py          35      0   100%
src\spacex_cli\models\__init__.py                0      0   100%
src\spacex_cli\models\capsule.py                17      0   100%
src\spacex_cli\models\company.py                22      0   100%
src\spacex_cli\models\launch.py                 27      0   100%
src\spacex_cli\models\rocket.py                 19      0   100%
src\spacex_cli\services\__init__.py              0      0   100%
src\spacex_cli\services\capsule_service.py      15      1    93%   23
src\spacex_cli\services\company_service.py       8      0   100%
src\spacex_cli\services\export_service.py       22      1    95%   16
src\spacex_cli\services\launch_service.py       36      4    89%   38-41
src\spacex_cli\services\rocket_service.py       11      0   100%
src\spacex_cli\utils\__init__.py                 0      0   100%
src\spacex_cli\utils\console.py                  3      0   100%
src\spacex_cli\utils\countdown.py               17     11    35%   10-22
src\spacex_cli\utils\errors.py                  12      2    83%   22-23
src\spacex_cli\utils\logging.py                  4      0   100%
--------------------------------------------------------------------------
TOTAL                                          559     63    89%

Required test coverage of 60% reached. Total coverage: 88.73%

============================= 59 passed in 0.61s ==============================
